/*C3*/SET SCHEMA PUBLIC
INSERT INTO PRODUTO VALUES(3,'Notebook','Notebook i5')
COMMIT
DISCONNECT
/*C4*/SET SCHEMA PUBLIC
INSERT INTO PRODUTO VALUES(4,'Notebook','Notebook i5')
COMMIT
DISCONNECT
/*C5*/SET SCHEMA PUBLIC
INSERT INTO PRODUTO VALUES(5,'Notebook','Notebook i5')
COMMIT
DISCONNECT
/*C6*/SET SCHEMA PUBLIC
DELETE FROM PRODUTO WHERE ID=4
DELETE FROM PRODUTO WHERE ID=5
COMMIT
DISCONNECT
/*C7*/SET SCHEMA PUBLIC
DISCONNECT
/*C8*/SET SCHEMA PUBLIC
DISCONNECT
/*C9*/SET SCHEMA PUBLIC
INSERT INTO PRODUTO VALUES(6,'Notebook','Notebook i5')
COMMIT
DISCONNECT
/*C10*/SET SCHEMA PUBLIC
DISCONNECT
/*C11*/SET SCHEMA PUBLIC
INSERT INTO PRODUTO VALUES(7,'Notebook''i5 2018','Notebook i5')
COMMIT
DISCONNECT
/*C12*/SET SCHEMA PUBLIC
DELETE FROM PRODUTO WHERE ID=6
DELETE FROM PRODUTO WHERE ID=7
COMMIT
DISCONNECT
/*C13*/SET SCHEMA PUBLIC
INSERT INTO PRODUTO VALUES(8,'Notebook''i5 2018','Notebook i5')
COMMIT
DISCONNECT
/*C14*/SET SCHEMA PUBLIC
INSERT INTO PRODUTO VALUES(9,'TV LCD','32 polegadas')
COMMIT
INSERT INTO PRODUTO VALUES(10,'Blueray','full HD')
COMMIT
DISCONNECT
/*C15*/SET SCHEMA PUBLIC
DELETE FROM PRODUTO WHERE ID=8
DELETE FROM PRODUTO WHERE ID=9
DELETE FROM PRODUTO WHERE ID=10
COMMIT
DISCONNECT
/*C16*/SET SCHEMA PUBLIC
INSERT INTO PRODUTO VALUES(11,'TV LCD','32 polegadas')
COMMIT
DISCONNECT
/*C17*/SET SCHEMA PUBLIC
DELETE FROM PRODUTO WHERE ID=11
COMMIT
DISCONNECT
/*C18*/SET SCHEMA PUBLIC
INSERT INTO PRODUTO VALUES(12,'TV LCD','32 polegadas')
COMMIT
DISCONNECT
/*C19*/SET SCHEMA PUBLIC
DELETE FROM PRODUTO WHERE ID=12
COMMIT
DISCONNECT
/*C20*/SET SCHEMA PUBLIC
DISCONNECT
/*C21*/SET SCHEMA PUBLIC
DISCONNECT
/*C22*/SET SCHEMA PUBLIC
DISCONNECT
/*C23*/SET SCHEMA PUBLIC
DISCONNECT
/*C24*/SET SCHEMA PUBLIC
DISCONNECT
/*C25*/SET SCHEMA PUBLIC
DISCONNECT
/*C26*/SET SCHEMA PUBLIC
INSERT INTO PRODUTO VALUES(16,'Mesa Azul','Mesa com 4 cadeiras')
COMMIT
SET SCHEMA PUBLIC
DISCONNECT
/*C27*/SET SCHEMA PUBLIC
INSERT INTO PRODUTO VALUES(17,'Mesa Azul','Mesa com 4 cadeiras')
COMMIT
SET SCHEMA PUBLIC
DISCONNECT
/*C28*/SET SCHEMA PUBLIC
DELETE FROM PRODUTO WHERE ID=16
DELETE FROM PRODUTO WHERE ID=17
COMMIT
SET SCHEMA PUBLIC
DISCONNECT
/*C29*/SET SCHEMA PUBLIC
DISCONNECT
/*C30*/SET SCHEMA PUBLIC
INSERT INTO PRODUTO VALUES(18,'Mesa Azul','Mesa com 4 cadeiras')
COMMIT
SET SCHEMA PUBLIC
DISCONNECT
/*C31*/SET SCHEMA PUBLIC
INSERT INTO PRODUTO VALUES(19,'Mesa Azul','Mesa com 4 cadeiras')
COMMIT
SET SCHEMA PUBLIC
DISCONNECT
/*C32*/SET SCHEMA PUBLIC
INSERT INTO PRODUTO VALUES(20,'Mesa Azul','Mesa com 4 cadeiras')
COMMIT
SET SCHEMA PUBLIC
DISCONNECT
/*C33*/SET SCHEMA PUBLIC
INSERT INTO PRODUTO VALUES(21,'Mesa Azul','Mesa com 4 cadeiras')
COMMIT
SET SCHEMA PUBLIC
DISCONNECT
/*C2*/SET SCHEMA PUBLIC
create table Categoria (id integer generated by default as identity primary key, nome varchar(255))\u000a
alter table Produto add column categoria_id integer\u000a
INSERT INTO CATEGORIA VALUES(0,'Eletrodom\u00e9stico')
COMMIT
INSERT INTO CATEGORIA VALUES(1,'Eletr\u00f4nico')
COMMIT
INSERT INTO CATEGORIA VALUES(2,'M\u00f3vel')
COMMIT
DELETE FROM PRODUTO WHERE ID=1
DELETE FROM PRODUTO WHERE ID=2
INSERT INTO PRODUTO VALUES(1,'Geladeira','Geladeira duas portas',0)
INSERT INTO PRODUTO VALUES(2,'Ferro de passar','Ferro de passar roupa com vaporizador',0)
COMMIT
DELETE FROM PRODUTO WHERE ID=3
INSERT INTO PRODUTO VALUES(3,'Notebook','Notebook i5',1)
COMMIT
DELETE FROM PRODUTO WHERE ID=18
DELETE FROM PRODUTO WHERE ID=19
DELETE FROM PRODUTO WHERE ID=20
DELETE FROM PRODUTO WHERE ID=21
INSERT INTO PRODUTO VALUES(18,'Mesa Azul','Mesa com 4 cadeiras',2)
INSERT INTO PRODUTO VALUES(19,'Mesa Azul','Mesa com 4 cadeiras',2)
INSERT INTO PRODUTO VALUES(20,'Mesa Azul','Mesa com 4 cadeiras',2)
INSERT INTO PRODUTO VALUES(21,'Mesa Azul','Mesa com 4 cadeiras',2)
COMMIT
/*C34*/SET SCHEMA PUBLIC
DISCONNECT
/*C35*/SET SCHEMA PUBLIC
DISCONNECT
/*C36*/SET SCHEMA PUBLIC
DISCONNECT
/*C37*/SET SCHEMA PUBLIC
DISCONNECT
/*C38*/SET SCHEMA PUBLIC
DISCONNECT
/*C39*/SET SCHEMA PUBLIC
DISCONNECT
/*C40*/SET SCHEMA PUBLIC
DISCONNECT
/*C41*/SET SCHEMA PUBLIC
DISCONNECT
/*C2*/DELETE FROM PRODUTO WHERE ID=21
INSERT INTO PRODUTO VALUES(21,'Mesa Azul','Mesa com 4 cadeiras',0)
COMMIT
/*C42*/SET SCHEMA PUBLIC
DISCONNECT
